[INFO ] 2022-04-25 10:55:06.265 [main] ParallelTrack - logged in successfully
[INFO ] 2022-04-25 11:09:00.753 [main] ParallelTrack - logged in successfully
[INFO ] 2022-04-25 11:09:04.127 [main] ParallelTrack - Parallel track opened
[INFO ] 2022-04-25 11:09:27.958 [main] ParallelTrack - perform analysis button 
[INFO ] 2022-04-25 11:11:08.122 [main] ParallelTrack - logged in successfully
[INFO ] 2022-04-25 11:11:11.552 [main] ParallelTrack - Parallel track opened
[INFO ] 2022-04-25 11:11:30.359 [main] ParallelTrack - perform analysis button 
[INFO ] 2022-04-25 11:12:27.366 [main] ParallelTrack - logged in successfully
[INFO ] 2022-04-25 11:12:30.811 [main] ParallelTrack - Parallel track opened
[INFO ] 2022-04-25 11:12:49.600 [main] ParallelTrack - perform analysis button 
[INFO ] 2022-04-25 11:13:42.103 [main] ParallelTrack - logged in successfully
[INFO ] 2022-04-25 11:13:45.549 [main] ParallelTrack - Parallel track opened
[INFO ] 2022-04-25 11:13:48.240 [main] ParallelTrack - Uploaded all sample data
[INFO ] 2022-04-25 11:13:59.452 [main] ParallelTrack - perform analysis button 
[INFO ] 2022-04-25 11:15:32.021 [main] ParallelTrack - logged in successfully
[INFO ] 2022-04-25 11:15:35.277 [main] ParallelTrack - Parallel track opened
[INFO ] 2022-04-25 11:15:35.581 [main] ParallelTrack - Uploaded all sample data
[INFO ] 2022-04-25 11:16:04.526 [main] ParallelTrack - perform analysis button 
[INFO ] 2022-04-25 11:18:15.561 [main] ParallelTrack - Uploaded all sample data
[INFO ] 2022-04-25 11:18:43.914 [main] ParallelTrack - logged in successfully
[INFO ] 2022-04-25 11:18:47.338 [main] ParallelTrack - Parallel track opened
[INFO ] 2022-04-25 11:18:47.735 [main] ParallelTrack - Uploaded all sample data
[INFO ] 2022-04-25 11:19:04.169 [main] ParallelTrack - perform analysis button 
[INFO ] 2022-04-25 11:19:40.945 [main] ParallelTrack - logged in successfully
[INFO ] 2022-04-25 11:19:44.340 [main] ParallelTrack - Parallel track opened
[INFO ] 2022-04-25 11:19:44.664 [main] ParallelTrack - Uploaded all sample data
[INFO ] 2022-04-25 11:20:27.135 [main] ParallelTrack - logged in successfully
[INFO ] 2022-04-25 11:20:30.555 [main] ParallelTrack - Parallel track opened
[INFO ] 2022-04-25 11:20:30.874 [main] ParallelTrack - Uploaded all sample data
[INFO ] 2022-04-25 11:20:47.228 [main] ParallelTrack - perform analysis button 
[INFO ] 2022-04-25 11:23:00.023 [main] ParallelTrack - logged in successfully
[INFO ] 2022-04-25 11:23:03.436 [main] ParallelTrack - Parallel track opened
[INFO ] 2022-04-25 11:23:03.710 [main] ParallelTrack - Uploaded all sample data
[INFO ] 2022-04-25 11:23:52.238 [main] ParallelTrack - logged in successfully
[INFO ] 2022-04-25 11:23:55.660 [main] ParallelTrack - Parallel track opened
[INFO ] 2022-04-25 11:23:56.004 [main] ParallelTrack - Uploaded all sample data
[INFO ] 2022-04-25 11:24:55.826 [main] ParallelTrack - logged in successfully
[INFO ] 2022-04-25 11:24:59.222 [main] ParallelTrack - Parallel track opened
[INFO ] 2022-04-25 11:24:59.643 [main] ParallelTrack - Uploaded all sample data
[INFO ] 2022-04-25 11:33:17.908 [main] ParallelTrack - logged in successfully
[INFO ] 2022-04-25 11:33:21.284 [main] ParallelTrack - Parallel track opened
[INFO ] 2022-04-25 11:33:24.698 [main] ParallelTrack - Uploaded all sample data
[INFO ] 2022-04-25 11:35:10.501 [main] ParallelTrack - logged in successfully
[INFO ] 2022-04-25 11:35:13.843 [main] ParallelTrack - Parallel track opened
[INFO ] 2022-04-25 11:35:15.417 [main] ParallelTrack - Uploaded all sample data
[INFO ] 2022-04-25 11:37:35.486 [main] ParallelTrack - logged in successfully
[INFO ] 2022-04-25 11:37:38.830 [main] ParallelTrack - Parallel track opened
[INFO ] 2022-04-25 11:37:42.213 [main] ParallelTrack - Uploaded all sample data
[INFO ] 2022-04-25 11:39:38.729 [main] ParallelTrack - logged in successfully
[INFO ] 2022-04-25 11:39:42.119 [main] ParallelTrack - Parallel track opened
[INFO ] 2022-04-25 11:39:43.683 [main] ParallelTrack - Uploaded all sample data
[INFO ] 2022-04-25 11:58:21.032 [main] ParallelTrack - logged in successfully
[INFO ] 2022-04-25 11:58:24.159 [main] ParallelTrack - Parallel track opened
[INFO ] 2022-04-25 11:58:27.985 [main] ParallelTrack - Uploaded all sample data
[INFO ] 2022-04-25 11:59:05.396 [main] ParallelTrack - logged in successfully
[INFO ] 2022-04-25 11:59:08.529 [main] ParallelTrack - Parallel track opened
[INFO ] 2022-04-25 11:59:12.347 [main] ParallelTrack - Uploaded all sample data
[INFO ] 2022-04-25 12:00:49.139 [main] ParallelTrack - logged in successfully
[INFO ] 2022-04-25 12:00:52.261 [main] ParallelTrack - Parallel track opened
[INFO ] 2022-04-25 12:00:55.904 [main] ParallelTrack - Downloaded all sample links
[INFO ] 2022-04-25 12:00:56.085 [main] ParallelTrack - Uploaded all sample data
[INFO ] 2022-04-25 12:01:44.486 [main] ParallelTrack - logged in successfully
[INFO ] 2022-04-25 12:01:47.607 [main] ParallelTrack - Parallel track opened
[INFO ] 2022-04-25 12:01:51.274 [main] ParallelTrack - Downloaded all sample links
[INFO ] 2022-04-25 12:01:51.487 [main] ParallelTrack - Uploaded all sample data
[INFO ] 2022-04-25 12:03:50.208 [main] ParallelTrack - logged in successfully
[INFO ] 2022-04-25 12:03:53.325 [main] ParallelTrack - Parallel track opened
[INFO ] 2022-04-25 12:03:57.005 [main] ParallelTrack - Downloaded all sample links
[INFO ] 2022-04-25 12:03:57.169 [main] ParallelTrack - Uploaded all sample data
[INFO ] 2022-04-25 12:07:54.902 [main] ParallelTrack - logged in successfully
[INFO ] 2022-04-25 12:07:58.001 [main] ParallelTrack - Parallel track opened
[INFO ] 2022-04-25 12:08:01.651 [main] ParallelTrack - Downloaded all sample links
[INFO ] 2022-04-25 12:08:01.815 [main] ParallelTrack - Uploaded all sample data
[INFO ] 2022-04-25 12:10:17.695 [main] ParallelTrack - logged in successfully
[INFO ] 2022-04-25 12:10:20.845 [main] ParallelTrack - Parallel track opened
[INFO ] 2022-04-25 12:10:24.517 [main] ParallelTrack - Downloaded all sample links
[INFO ] 2022-04-25 12:10:24.687 [main] ParallelTrack - Uploaded all sample data
[INFO ] 2022-04-25 12:13:45.537 [main] ParallelTrack - logged in successfully
[INFO ] 2022-04-25 12:13:48.667 [main] ParallelTrack - Parallel track opened
[INFO ] 2022-04-25 12:13:52.337 [main] ParallelTrack - Downloaded all sample links
[INFO ] 2022-04-25 12:13:52.507 [main] ParallelTrack - Uploaded all sample data
[INFO ] 2022-04-25 12:14:18.175 [main] ParallelTrack - Show data buttons clicked
[INFO ] 2022-04-25 12:14:20.468 [main] ParallelTrack - perform analysis button clicked 
[INFO ] 2022-04-25 12:14:23.815 [main] ParallelTrack - drag and dropped
[INFO ] 2022-04-25 13:08:45.450 [main] ParallelTrack - logged in successfully
[INFO ] 2022-04-25 13:08:48.567 [main] ParallelTrack - Parallel track opened
[INFO ] 2022-04-25 13:08:52.252 [main] ParallelTrack - Downloaded all sample links
[INFO ] 2022-04-25 13:08:52.457 [main] ParallelTrack - Uploaded all sample data
[INFO ] 2022-04-25 13:09:18.100 [main] ParallelTrack - Show data buttons clicked
[INFO ] 2022-04-25 13:09:20.393 [main] ParallelTrack - perform analysis button clicked 
[INFO ] 2022-04-25 13:09:23.599 [main] ParallelTrack - drag and dropped
[INFO ] 2022-04-25 13:13:25.859 [main] ParallelTrack - logged in successfully
[INFO ] 2022-04-25 13:13:28.997 [main] ParallelTrack - Parallel track opened
[INFO ] 2022-04-25 13:13:32.690 [main] ParallelTrack - Downloaded all sample links
[INFO ] 2022-04-25 13:13:32.930 [main] ParallelTrack - Uploaded all sample data
[INFO ] 2022-04-25 13:13:58.515 [main] ParallelTrack - Show data buttons clicked
[INFO ] 2022-04-25 13:14:00.816 [main] ParallelTrack - perform analysis button clicked 
[INFO ] 2022-04-25 13:14:06.988 [main] ParallelTrack - dropdowns checked
[INFO ] 2022-04-25 13:14:07.037 [main] ParallelTrack - drag and dropped
[INFO ] 2022-04-25 13:14:55.809 [main] ParallelTrack - logged in successfully
[INFO ] 2022-04-25 13:14:58.910 [main] ParallelTrack - Parallel track opened
[INFO ] 2022-04-25 13:15:02.590 [main] ParallelTrack - Downloaded all sample links
[INFO ] 2022-04-25 13:15:02.791 [main] ParallelTrack - Uploaded all sample data
[INFO ] 2022-04-25 13:15:28.435 [main] ParallelTrack - Show data buttons clicked
[INFO ] 2022-04-25 13:15:30.765 [main] ParallelTrack - perform analysis button clicked 
[INFO ] 2022-04-25 13:15:36.884 [main] ParallelTrack - dropdowns checked
[INFO ] 2022-04-25 13:15:36.910 [main] ParallelTrack - drag and dropped
[INFO ] 2022-04-25 13:17:07.430 [main] ParallelTrack - logged in successfully
[INFO ] 2022-04-25 13:18:47.180 [main] ParallelTrack - logged in successfully
[INFO ] 2022-04-25 13:19:22.316 [main] ParallelTrack - logged in successfully
[INFO ] 2022-04-25 13:19:25.479 [main] ParallelTrack - Parallel track opened
[INFO ] 2022-04-25 13:19:29.198 [main] ParallelTrack - Downloaded all sample links
[INFO ] 2022-04-25 13:19:29.396 [main] ParallelTrack - Uploaded all sample data
[INFO ] 2022-04-25 13:19:55.090 [main] ParallelTrack - Show data buttons clicked
[INFO ] 2022-04-25 13:19:57.447 [main] ParallelTrack - perform analysis button clicked 
[INFO ] 2022-04-25 13:20:03.595 [main] ParallelTrack - dropdowns checked
[INFO ] 2022-04-25 13:20:03.623 [main] ParallelTrack - drag and dropped
[INFO ] 2022-04-25 16:03:26.514 [main] ParallelTrack - logged in successfully
[INFO ] 2022-04-25 16:03:29.882 [main] ParallelTrack - Parallel track opened
[INFO ] 2022-04-25 16:03:31.493 [main] ParallelTrack - Uploaded all sample data
[INFO ] 2022-04-25 16:03:57.938 [main] ParallelTrack - Show data buttons clicked
[INFO ] 2022-04-25 16:04:00.474 [main] ParallelTrack - perform analysis button clicked 
[INFO ] 2022-04-25 16:04:06.746 [main] ParallelTrack - dropdowns checked
[INFO ] 2022-04-25 16:04:06.783 [main] ParallelTrack - drag and dropped
[INFO ] 2022-04-25 16:06:48.211 [main] ParallelTrack - logged in successfully
[INFO ] 2022-04-25 16:06:51.670 [main] ParallelTrack - Parallel track opened
[INFO ] 2022-04-25 16:06:55.695 [main] ParallelTrack - Uploaded all sample data
[INFO ] 2022-04-25 16:11:41.672 [main] ParallelTrack - logged in successfully
[INFO ] 2022-04-25 16:11:45.165 [main] ParallelTrack - Parallel track opened
[INFO ] 2022-04-25 16:11:47.208 [main] ParallelTrack - Uploaded all sample data
[INFO ] 2022-04-25 16:12:03.860 [main] ParallelTrack - perform analysis button clicked 
[INFO ] 2022-04-25 16:12:10.347 [main] ParallelTrack - dropdowns checked
[INFO ] 2022-04-25 16:12:10.686 [main] ParallelTrack - drag and dropped
[INFO ] 2022-04-25 16:14:03.975 [main] ParallelTrack - logged in successfully
[INFO ] 2022-04-25 16:14:07.724 [main] ParallelTrack - Parallel track opened
[INFO ] 2022-04-25 16:14:11.786 [main] ParallelTrack - Uploaded all sample data
[INFO ] 2022-04-25 16:14:38.522 [main] ParallelTrack - Show data buttons clicked
[INFO ] 2022-04-25 16:14:41.711 [main] ParallelTrack - perform analysis button clicked 
[INFO ] 2022-04-25 16:14:48.232 [main] ParallelTrack - dropdowns checked
[INFO ] 2022-04-25 16:14:48.632 [main] ParallelTrack - drag and dropped
[INFO ] 2022-04-25 16:16:05.298 [main] ParallelTrack - logged in successfully
[INFO ] 2022-04-25 16:16:09.002 [main] ParallelTrack - Parallel track opened
[INFO ] 2022-04-25 16:16:14.169 [main] ParallelTrack - Uploaded all sample data
[INFO ] 2022-04-25 16:16:40.833 [main] ParallelTrack - Show data buttons clicked
[INFO ] 2022-04-25 16:16:43.796 [main] ParallelTrack - perform analysis button clicked 
[INFO ] 2022-04-25 16:16:48.189 [main] ParallelTrack - drag and dropped
[INFO ] 2022-04-25 16:20:14.309 [main] ParallelTrack - logged in successfully
[INFO ] 2022-04-25 16:20:18.053 [main] ParallelTrack - Parallel track opened
[INFO ] 2022-04-25 16:20:22.022 [main] ParallelTrack - Uploaded all sample data
[INFO ] 2022-04-25 16:22:51.564 [main] ParallelTrack - logged in successfully
[INFO ] 2022-04-25 16:22:55.304 [main] ParallelTrack - Parallel track opened
[INFO ] 2022-04-25 16:23:00.388 [main] ParallelTrack - Uploaded all sample data
[INFO ] 2022-04-25 16:23:51.326 [main] ParallelTrack - logged in successfully
[INFO ] 2022-04-25 16:23:55.031 [main] ParallelTrack - Parallel track opened
[INFO ] 2022-04-25 16:23:59.240 [main] ParallelTrack - Uploaded all sample data
[INFO ] 2022-04-25 16:24:15.748 [main] ParallelTrack - Show data buttons clicked
[INFO ] 2022-04-25 16:24:18.534 [main] ParallelTrack - perform analysis button clicked 
[INFO ] 2022-04-25 16:24:25.086 [main] ParallelTrack - dropdowns checked
[INFO ] 2022-04-25 16:24:25.929 [main] ParallelTrack - drag and dropped
[INFO ] 2022-04-25 16:25:37.419 [main] ParallelTrack - logged in successfully
[INFO ] 2022-04-25 16:25:41.174 [main] ParallelTrack - Parallel track opened
[INFO ] 2022-04-25 16:25:44.503 [main] ParallelTrack - Downloaded all sample links
[INFO ] 2022-04-25 16:25:45.137 [main] ParallelTrack - Uploaded all sample data
[INFO ] 2022-04-25 16:26:01.512 [main] ParallelTrack - Show data buttons clicked
[INFO ] 2022-04-25 16:26:04.424 [main] ParallelTrack - perform analysis button clicked 
[INFO ] 2022-04-25 16:26:10.862 [main] ParallelTrack - dropdowns checked
[INFO ] 2022-04-25 16:26:12.542 [main] ParallelTrack - drag and dropped
[INFO ] 2022-04-25 16:27:58.589 [main] ParallelTrack - logged in successfully
[INFO ] 2022-04-25 16:28:02.347 [main] ParallelTrack - Parallel track opened
[INFO ] 2022-04-25 16:28:05.542 [main] ParallelTrack - Downloaded all sample links
[INFO ] 2022-04-25 16:28:06.211 [main] ParallelTrack - Uploaded all sample data
[INFO ] 2022-04-25 16:28:22.671 [main] ParallelTrack - Show data buttons clicked
[INFO ] 2022-04-25 16:28:25.440 [main] ParallelTrack - perform analysis button clicked 
[INFO ] 2022-04-25 16:28:31.999 [main] ParallelTrack - dropdowns checked
[INFO ] 2022-04-25 16:28:35.753 [main] ParallelTrack - drag and dropped
